        -:    0:Source:/cygdrive/c/Users/vAsmad/CLionProjects/Algoritmos-y-Estructura-de-Datos-1/TPS/Trabajo Implementacion/tests/EJ07_evolucionToroideTEST.cpp
        -:    0:Graph:/cygdrive/c/Users/vAsmad/CLionProjects/Algoritmos-y-Estructura-de-Datos-1/TPS/Trabajo Implementacion/cmake-build-debug/CMakeFiles/juegoDeLaVida.dir/tests/EJ07_evolucionToroideTEST.gcno
        -:    0:Data:/cygdrive/c/Users/vAsmad/CLionProjects/Algoritmos-y-Estructura-de-Datos-1/TPS/Trabajo Implementacion/cmake-build-debug/CMakeFiles/juegoDeLaVida.dir/tests/EJ07_evolucionToroideTEST.gcda
        -:    0:Runs:1
        -:    1:#include "../ejercicios.h"
        -:    2:#include "gtest/gtest.h"
        -:    3:#include <algorithm>
        -:    4:
        -:    5:using namespace std;
        -:    6:
        2:    7:TEST(evolucionToroideTEST, toroideDiagonalTresPorTresUnPaso){
        -:    8:    toroide t = {
        -:    9:            {true, false, false},
        -:   10:            {false, true, false},
        7:   11:            {false, false, true} };
        -:   12:    //1*0 0 1*0
        -:   13:    //0 1 0 0 1
        -:   14:    //0 0 1 0 0
        -:   15:    //1 0 0 1 0
        -:   16:    //0*1 0 0*1
        -:   17:    toroide evo_t = {
        -:   18:            {true, true, true},
        -:   19:            {true, true, true},
        7:   20:            {true, true, true} };
        -:   21:    //  1 1 1
        -:   22:    //  1 1 1
        -:   23:    //  1 1 1
        1:   24:    evolucionToroide(t);
       1*:   25:    EXPECT_EQ(t, evo_t);
        1:   26:}
------------------
_ZN58evolucionToroideTEST_toroideDiagonalTresPorTresUnPaso_Test8TestBodyEv:
        1:    7:TEST(evolucionToroideTEST, toroideDiagonalTresPorTresUnPaso){
        -:    8:    toroide t = {
        -:    9:            {true, false, false},
        -:   10:            {false, true, false},
        7:   11:            {false, false, true} };
        1:   11-block  0
        1:   11-block  1
        1:   11-block  2
        1:   11-block  3
        3:   11-block  4
        1:   11-block  5
    $$$$$:   11-block  6
    $$$$$:   11-block  7
    $$$$$:   11-block  8
    $$$$$:   11-block  9
    $$$$$:   11-block 10
    $$$$$:   11-block 11
    $$$$$:   11-block 12
        -:   12:    //1*0 0 1*0
        -:   13:    //0 1 0 0 1
        -:   14:    //0 0 1 0 0
        -:   15:    //1 0 0 1 0
        -:   16:    //0*1 0 0*1
        -:   17:    toroide evo_t = {
        -:   18:            {true, true, true},
        -:   19:            {true, true, true},
        7:   20:            {true, true, true} };
        1:   20-block  0
        1:   20-block  1
        1:   20-block  2
        3:   20-block  3
        1:   20-block  4
    $$$$$:   20-block  5
    $$$$$:   20-block  6
    $$$$$:   20-block  7
    $$$$$:   20-block  8
    $$$$$:   20-block  9
    $$$$$:   20-block 10
    $$$$$:   20-block 11
        -:   21:    //  1 1 1
        -:   22:    //  1 1 1
        -:   23:    //  1 1 1
        1:   24:    evolucionToroide(t);
       1*:   25:    EXPECT_EQ(t, evo_t);
        1:   25-block  0
        1:   25-block  1
    %%%%%:   25-block  2
    %%%%%:   25-block  3
    %%%%%:   25-block  4
    %%%%%:   25-block  5
    %%%%%:   25-block  6
        1:   25-block  7
    $$$$$:   25-block  8
    $$$$$:   25-block  9
    $$$$$:   25-block 10
    $$$$$:   25-block 11
    $$$$$:   25-block 12
        1:   26:}
------------------
_ZN58evolucionToroideTEST_toroideDiagonalTresPorTresUnPaso_TestC1Ev:
        1:    7:TEST(evolucionToroideTEST, toroideDiagonalTresPorTresUnPaso){
        1:    7-block  0
------------------
