        -:    0:Source:/cygdrive/c/Users/vAsmad/CLionProjects/TPS/TPI_toroide/tests/EJ07_evolucionToroideTEST.cpp
        -:    0:Graph:/cygdrive/c/Users/vAsmad/CLionProjects/TPS/TPI_toroide/cmake-build-debug-coverage/CMakeFiles/juegoDeLaVida.dir/tests/EJ07_evolucionToroideTEST.gcno
        -:    0:Data:/cygdrive/c/Users/vAsmad/CLionProjects/TPS/TPI_toroide/cmake-build-debug-coverage/CMakeFiles/juegoDeLaVida.dir/tests/EJ07_evolucionToroideTEST.gcda
        -:    0:Runs:1
        -:    1:#include "../ejercicios.h"
        -:    2:#include "gtest/gtest.h"
        -:    3:#include <algorithm>
        -:    4:#include "../toroidesparaTest.h"
        -:    5:
        -:    6:using namespace std;
        -:    7:
        2:    8:TEST(evolucionToroideTEST, toroideDiagonalTresPorTresUnPaso){
        7:    9:    toroide t = { {true, false, false}, {false, true, false}, {false, false, true} };
        -:   10:    //1*0 0 1*0
        -:   11:    //0 1 0 0 1
        -:   12:    //0 0 1 0 0
        -:   13:    //1 0 0 1 0
        -:   14:    //0*1 0 0*1
        7:   15:    toroide evo_t = { {true, true, true}, {true, true, true}, {true, true, true} };
        -:   16:    //  1 1 1
        -:   17:    //  1 1 1
        -:   18:    //  1 1 1
        1:   19:    evolucionToroide(t);
       1*:   20:    EXPECT_EQ(t, evo_t);
        1:   21:}
------------------
_ZN58evolucionToroideTEST_toroideDiagonalTresPorTresUnPaso_Test8TestBodyEv:
        1:    8:TEST(evolucionToroideTEST, toroideDiagonalTresPorTresUnPaso){
        7:    9:    toroide t = { {true, false, false}, {false, true, false}, {false, false, true} };
        1:    9-block  0
        1:    9-block  1
        1:    9-block  2
        1:    9-block  3
        3:    9-block  4
        1:    9-block  5
    $$$$$:    9-block  6
    $$$$$:    9-block  7
    $$$$$:    9-block  8
    $$$$$:    9-block  9
    $$$$$:    9-block 10
    $$$$$:    9-block 11
    $$$$$:    9-block 12
        -:   10:    //1*0 0 1*0
        -:   11:    //0 1 0 0 1
        -:   12:    //0 0 1 0 0
        -:   13:    //1 0 0 1 0
        -:   14:    //0*1 0 0*1
        7:   15:    toroide evo_t = { {true, true, true}, {true, true, true}, {true, true, true} };
        1:   15-block  0
        1:   15-block  1
        1:   15-block  2
        3:   15-block  3
        1:   15-block  4
    $$$$$:   15-block  5
    $$$$$:   15-block  6
    $$$$$:   15-block  7
    $$$$$:   15-block  8
    $$$$$:   15-block  9
    $$$$$:   15-block 10
    $$$$$:   15-block 11
        -:   16:    //  1 1 1
        -:   17:    //  1 1 1
        -:   18:    //  1 1 1
        1:   19:    evolucionToroide(t);
       1*:   20:    EXPECT_EQ(t, evo_t);
        1:   20-block  0
        1:   20-block  1
    %%%%%:   20-block  2
    %%%%%:   20-block  3
    %%%%%:   20-block  4
    %%%%%:   20-block  5
    %%%%%:   20-block  6
        1:   20-block  7
    $$$$$:   20-block  8
    $$$$$:   20-block  9
    $$$$$:   20-block 10
    $$$$$:   20-block 11
    $$$$$:   20-block 12
        1:   21:}
------------------
_ZN58evolucionToroideTEST_toroideDiagonalTresPorTresUnPaso_TestC1Ev:
        1:    8:TEST(evolucionToroideTEST, toroideDiagonalTresPorTresUnPaso){
        1:    8-block  0
------------------
        -:   22:
        2:   23:TEST(evolucionToroideTEST, toroideMuertoYVivo){
        2:   24:    toroide t = tVivo;
        2:   25:    toroide evo_t = tMuerto;
        1:   26:    evolucionToroide(t);
       1*:   27:    EXPECT_EQ(t, evo_t);
        1:   28:}
------------------
_ZN44evolucionToroideTEST_toroideMuertoYVivo_Test8TestBodyEv:
        1:   23:TEST(evolucionToroideTEST, toroideMuertoYVivo){
        2:   24:    toroide t = tVivo;
        1:   24-block  0
    $$$$$:   24-block  1
        2:   25:    toroide evo_t = tMuerto;
        1:   25-block  0
    $$$$$:   25-block  1
        1:   26:    evolucionToroide(t);
        1:   26-block  0
       1*:   27:    EXPECT_EQ(t, evo_t);
        1:   27-block  0
        1:   27-block  1
    %%%%%:   27-block  2
    %%%%%:   27-block  3
    %%%%%:   27-block  4
    %%%%%:   27-block  5
    %%%%%:   27-block  6
        1:   27-block  7
    $$$$$:   27-block  8
    $$$$$:   27-block  9
    $$$$$:   27-block 10
    $$$$$:   27-block 11
    $$$$$:   27-block 12
        1:   28:}
------------------
_ZN44evolucionToroideTEST_toroideMuertoYVivo_TestC1Ev:
        1:   23:TEST(evolucionToroideTEST, toroideMuertoYVivo){
        1:   23-block  0
------------------
        -:   29:
        2:   30:TEST(evolucionToroideTEST, toroidePorRevivirYVivo){
        2:   31:    toroide t = tPorRevivir;
        2:   32:    toroide evo_t = tVivo;
        1:   33:    evolucionToroide(t);
       1*:   34:    EXPECT_EQ(t, evo_t);
        1:   35:}
------------------
_ZN48evolucionToroideTEST_toroidePorRevivirYVivo_Test8TestBodyEv:
        1:   30:TEST(evolucionToroideTEST, toroidePorRevivirYVivo){
        2:   31:    toroide t = tPorRevivir;
        1:   31-block  0
    $$$$$:   31-block  1
        2:   32:    toroide evo_t = tVivo;
        1:   32-block  0
    $$$$$:   32-block  1
        1:   33:    evolucionToroide(t);
        1:   33-block  0
       1*:   34:    EXPECT_EQ(t, evo_t);
        1:   34-block  0
        1:   34-block  1
    %%%%%:   34-block  2
    %%%%%:   34-block  3
    %%%%%:   34-block  4
    %%%%%:   34-block  5
    %%%%%:   34-block  6
        1:   34-block  7
    $$$$$:   34-block  8
    $$$$$:   34-block  9
    $$$$$:   34-block 10
    $$$$$:   34-block 11
    $$$$$:   34-block 12
        1:   35:}
------------------
_ZN48evolucionToroideTEST_toroidePorRevivirYVivo_TestC1Ev:
        1:   30:TEST(evolucionToroideTEST, toroidePorRevivirYVivo){
        1:   30-block  0
------------------
        -:   36:
        2:   37:TEST(evolucionToroideTEST, luzDeTrafico){
        2:   38:    toroide t = semaforo;
        2:   39:    toroide evo_t = semaforoEvolucion;
        1:   40:    evolucionToroide(t);
       1*:   41:    EXPECT_EQ(t, evo_t);
        1:   42:}
------------------
_ZN38evolucionToroideTEST_luzDeTrafico_Test8TestBodyEv:
        1:   37:TEST(evolucionToroideTEST, luzDeTrafico){
        2:   38:    toroide t = semaforo;
        1:   38-block  0
    $$$$$:   38-block  1
        2:   39:    toroide evo_t = semaforoEvolucion;
        1:   39-block  0
    $$$$$:   39-block  1
        1:   40:    evolucionToroide(t);
        1:   40-block  0
       1*:   41:    EXPECT_EQ(t, evo_t);
        1:   41-block  0
        1:   41-block  1
    %%%%%:   41-block  2
    %%%%%:   41-block  3
    %%%%%:   41-block  4
    %%%%%:   41-block  5
    %%%%%:   41-block  6
        1:   41-block  7
    $$$$$:   41-block  8
    $$$$$:   41-block  9
    $$$$$:   41-block 10
    $$$$$:   41-block 11
    $$$$$:   41-block 12
        1:   42:}
------------------
_ZN38evolucionToroideTEST_luzDeTrafico_TestC1Ev:
        1:   37:TEST(evolucionToroideTEST, luzDeTrafico){
        1:   37-block  0
------------------
