        -:    0:Source:/cygdrive/c/Users/vAsmad/CLionProjects/TPS/TPI_toroide/tests/EJ08_evolucionMultipleTEST.cpp
        -:    0:Graph:/cygdrive/c/Users/vAsmad/CLionProjects/TPS/TPI_toroide/cmake-build-debug-coverage/CMakeFiles/juegoDeLaVida.dir/tests/EJ08_evolucionMultipleTEST.gcno
        -:    0:Data:/cygdrive/c/Users/vAsmad/CLionProjects/TPS/TPI_toroide/cmake-build-debug-coverage/CMakeFiles/juegoDeLaVida.dir/tests/EJ08_evolucionMultipleTEST.gcda
        -:    0:Runs:1
        -:    1:#include "../ejercicios.h"
        -:    2:#include "gtest/gtest.h"
        -:    3:#include <algorithm>
        -:    4:#include "../toroidesparaTest.h"
        -:    5:
        -:    6:using namespace std;
        -:    7:
        2:    8:TEST(evolucionMultipleTEST, toroideDiagonalTresPorTresUnPaso){
        7:    9:    toroide t = { {true, false, false}, {false, true, false}, {false, false, true} };
        -:   10:    //1*0 0 1*0
        -:   11:    //0 1 0 0 1
        -:   12:    //0 0 1 0 0
        -:   13:    //1 0 0 1 0
        -:   14:    //0*1 0 0*1
        7:   15:    toroide evo_t = { {true, true, true}, {true, true, true}, {true, true, true} };
        -:   16:    //  1 1 1
        -:   17:    //  1 1 1
        -:   18:    //  1 1 1
        2:   19:    toroide res = evolucionMultiple(t, 1);
       1*:   20:    EXPECT_EQ(res, evo_t);
        1:   21:}
------------------
_ZN59evolucionMultipleTEST_toroideDiagonalTresPorTresUnPaso_Test8TestBodyEv:
        1:    8:TEST(evolucionMultipleTEST, toroideDiagonalTresPorTresUnPaso){
        7:    9:    toroide t = { {true, false, false}, {false, true, false}, {false, false, true} };
        1:    9-block  0
        1:    9-block  1
        1:    9-block  2
        1:    9-block  3
        3:    9-block  4
        1:    9-block  5
    $$$$$:    9-block  6
    $$$$$:    9-block  7
    $$$$$:    9-block  8
    $$$$$:    9-block  9
    $$$$$:    9-block 10
    $$$$$:    9-block 11
    $$$$$:    9-block 12
        -:   10:    //1*0 0 1*0
        -:   11:    //0 1 0 0 1
        -:   12:    //0 0 1 0 0
        -:   13:    //1 0 0 1 0
        -:   14:    //0*1 0 0*1
        7:   15:    toroide evo_t = { {true, true, true}, {true, true, true}, {true, true, true} };
        1:   15-block  0
        1:   15-block  1
        1:   15-block  2
        3:   15-block  3
        1:   15-block  4
    $$$$$:   15-block  5
    $$$$$:   15-block  6
    $$$$$:   15-block  7
    $$$$$:   15-block  8
    $$$$$:   15-block  9
    $$$$$:   15-block 10
    $$$$$:   15-block 11
        -:   16:    //  1 1 1
        -:   17:    //  1 1 1
        -:   18:    //  1 1 1
        2:   19:    toroide res = evolucionMultiple(t, 1);
    $$$$$:   19-block  0
       1*:   20:    EXPECT_EQ(res, evo_t);
        1:   20-block  0
        1:   20-block  1
    %%%%%:   20-block  2
    %%%%%:   20-block  3
    %%%%%:   20-block  4
    %%%%%:   20-block  5
    %%%%%:   20-block  6
        1:   20-block  7
    $$$$$:   20-block  8
    $$$$$:   20-block  9
    $$$$$:   20-block 10
    $$$$$:   20-block 11
    $$$$$:   20-block 12
        1:   21:}
------------------
_ZN59evolucionMultipleTEST_toroideDiagonalTresPorTresUnPaso_TestC1Ev:
        1:    8:TEST(evolucionMultipleTEST, toroideDiagonalTresPorTresUnPaso){
        1:    8-block  0
------------------
        -:   22:
        2:   23:TEST(evolucionMultipleTEST, unToroideGrande){
        2:   24:    toroide t = jorgitoTriple;
        -:   25:
        2:   26:    toroide evo_t = jorgitoTripleEvolucionado;
        -:   27:
        2:   28:    toroide res = evolucionMultiple(t, 20);
       1*:   29:    EXPECT_EQ(res, evo_t);
        1:   30:}
------------------
_ZN42evolucionMultipleTEST_unToroideGrande_Test8TestBodyEv:
        1:   23:TEST(evolucionMultipleTEST, unToroideGrande){
        2:   24:    toroide t = jorgitoTriple;
        1:   24-block  0
    $$$$$:   24-block  1
        -:   25:
        2:   26:    toroide evo_t = jorgitoTripleEvolucionado;
        1:   26-block  0
    $$$$$:   26-block  1
        -:   27:
        2:   28:    toroide res = evolucionMultiple(t, 20);
        1:   28-block  0
    $$$$$:   28-block  1
       1*:   29:    EXPECT_EQ(res, evo_t);
        1:   29-block  0
        1:   29-block  1
    %%%%%:   29-block  2
    %%%%%:   29-block  3
    %%%%%:   29-block  4
    %%%%%:   29-block  5
    %%%%%:   29-block  6
        1:   29-block  7
    $$$$$:   29-block  8
    $$$$$:   29-block  9
    $$$$$:   29-block 10
    $$$$$:   29-block 11
    $$$$$:   29-block 12
        1:   30:}
------------------
_ZN42evolucionMultipleTEST_unToroideGrande_TestC1Ev:
        1:   23:TEST(evolucionMultipleTEST, unToroideGrande){
        1:   23-block  0
------------------
        -:   31:
        2:   32:TEST(evolucionMultipleTEST, toroideEspada){
        2:   33:    toroide t = unaEspada;
        -:   34:
        2:   35:    toroide evo_t = unaEspadaEvolucionado;
        -:   36:
        2:   37:    toroide res = evolucionMultiple(t, 3);
       1*:   38:    EXPECT_EQ(res, evo_t);
        1:   39:}
------------------
_ZN40evolucionMultipleTEST_toroideEspada_Test8TestBodyEv:
        1:   32:TEST(evolucionMultipleTEST, toroideEspada){
        2:   33:    toroide t = unaEspada;
        1:   33-block  0
    $$$$$:   33-block  1
        -:   34:
        2:   35:    toroide evo_t = unaEspadaEvolucionado;
        1:   35-block  0
    $$$$$:   35-block  1
        -:   36:
        2:   37:    toroide res = evolucionMultiple(t, 3);
        1:   37-block  0
    $$$$$:   37-block  1
       1*:   38:    EXPECT_EQ(res, evo_t);
        1:   38-block  0
        1:   38-block  1
    %%%%%:   38-block  2
    %%%%%:   38-block  3
    %%%%%:   38-block  4
    %%%%%:   38-block  5
    %%%%%:   38-block  6
        1:   38-block  7
    $$$$$:   38-block  8
    $$$$$:   38-block  9
    $$$$$:   38-block 10
    $$$$$:   38-block 11
    $$$$$:   38-block 12
        1:   39:}
------------------
_ZN40evolucionMultipleTEST_toroideEspada_TestC1Ev:
        1:   32:TEST(evolucionMultipleTEST, toroideEspada){
        1:   32-block  0
------------------
