        -:    0:Source:/cygdrive/c/Users/vAsmad/CLionProjects/TPS/TPI_toroide/tests/EJ09_esPeriodicoTEST.cpp
        -:    0:Graph:/cygdrive/c/Users/vAsmad/CLionProjects/TPS/TPI_toroide/cmake-build-debug-coverage/CMakeFiles/juegoDeLaVida.dir/tests/EJ09_esPeriodicoTEST.gcno
        -:    0:Data:/cygdrive/c/Users/vAsmad/CLionProjects/TPS/TPI_toroide/cmake-build-debug-coverage/CMakeFiles/juegoDeLaVida.dir/tests/EJ09_esPeriodicoTEST.gcda
        -:    0:Runs:1
        -:    1:#include "../ejercicios.h"
        -:    2:#include "gtest/gtest.h"
        -:    3:#include <algorithm>
        -:    4:#include "../toroidesparaTest.h"
        -:    5:
        -:    6:using namespace std;
        -:    7:
        2:    8:TEST(esPeriodicoTEST, toroideHorizontalPeriodico2){
        -:    9:    toroide t = { 
        -:   10:                  {false, false, false, false, false}, 
        -:   11:                  {false, false, false, false, false}, 
        -:   12:                  {false, true, true, true, false},
        -:   13:                  {false, false, false, false, false}, 
        9:   14:                  {false, false,false, false, false} };
        -:   15:    int p;
        1:   16:    bool res = esPeriodico(t, p);
       1*:   17:    EXPECT_TRUE(res);
       1*:   18:    EXPECT_EQ(p, 2);
        1:   19:}
------------------
_ZN48esPeriodicoTEST_toroideHorizontalPeriodico2_Test8TestBodyEv:
        1:    8:TEST(esPeriodicoTEST, toroideHorizontalPeriodico2){
        -:    9:    toroide t = { 
        -:   10:                  {false, false, false, false, false}, 
        -:   11:                  {false, false, false, false, false}, 
        -:   12:                  {false, true, true, true, false},
        -:   13:                  {false, false, false, false, false}, 
        9:   14:                  {false, false,false, false, false} };
        1:   14-block  0
        1:   14-block  1
        1:   14-block  2
        1:   14-block  3
        1:   14-block  4
        1:   14-block  5
        5:   14-block  6
        1:   14-block  7
    $$$$$:   14-block  8
    $$$$$:   14-block  9
    $$$$$:   14-block 10
    $$$$$:   14-block 11
    $$$$$:   14-block 12
    $$$$$:   14-block 13
    $$$$$:   14-block 14
    $$$$$:   14-block 15
    $$$$$:   14-block 16
        -:   15:    int p;
        1:   16:    bool res = esPeriodico(t, p);
       1*:   17:    EXPECT_TRUE(res);
        1:   17-block  0
        1:   17-block  1
    %%%%%:   17-block  2
    %%%%%:   17-block  3
    %%%%%:   17-block  4
    %%%%%:   17-block  5
    %%%%%:   17-block  6
        1:   17-block  7
    $$$$$:   17-block  8
    $$$$$:   17-block  9
    $$$$$:   17-block 10
    $$$$$:   17-block 11
    $$$$$:   17-block 12
    $$$$$:   17-block 13
    $$$$$:   17-block 14
       1*:   18:    EXPECT_EQ(p, 2);
        1:   18-block  0
    %%%%%:   18-block  1
    %%%%%:   18-block  2
    %%%%%:   18-block  3
    %%%%%:   18-block  4
    %%%%%:   18-block  5
        1:   18-block  6
    $$$$$:   18-block  7
    $$$$$:   18-block  8
    $$$$$:   18-block  9
    $$$$$:   18-block 10
    $$$$$:   18-block 11
    $$$$$:   18-block 12
        1:   19:}
------------------
_ZN48esPeriodicoTEST_toroideHorizontalPeriodico2_TestC1Ev:
        1:    8:TEST(esPeriodicoTEST, toroideHorizontalPeriodico2){
        1:    8-block  0
------------------
        -:   20:
        2:   21:TEST(esPeriodicoTEST, toroidePeriodico){
        2:   22:    toroide t2 = tPeriodico;
        -:   23:    int p2;
        -:   24:    bool res2;
        1:   25:    res2 = esPeriodico(t2, p2);
       1*:   26:    EXPECT_TRUE(res2);
       1*:   27:    EXPECT_EQ(p2, 2);
        1:   28:}
------------------
_ZN37esPeriodicoTEST_toroidePeriodico_Test8TestBodyEv:
        1:   21:TEST(esPeriodicoTEST, toroidePeriodico){
        2:   22:    toroide t2 = tPeriodico;
        1:   22-block  0
    $$$$$:   22-block  1
        -:   23:    int p2;
        -:   24:    bool res2;
        1:   25:    res2 = esPeriodico(t2, p2);
        1:   25-block  0
       1*:   26:    EXPECT_TRUE(res2);
        1:   26-block  0
        1:   26-block  1
    %%%%%:   26-block  2
    %%%%%:   26-block  3
    %%%%%:   26-block  4
    %%%%%:   26-block  5
    %%%%%:   26-block  6
        1:   26-block  7
    $$$$$:   26-block  8
    $$$$$:   26-block  9
    $$$$$:   26-block 10
    $$$$$:   26-block 11
    $$$$$:   26-block 12
    $$$$$:   26-block 13
    $$$$$:   26-block 14
       1*:   27:    EXPECT_EQ(p2, 2);
        1:   27-block  0
    %%%%%:   27-block  1
    %%%%%:   27-block  2
    %%%%%:   27-block  3
    %%%%%:   27-block  4
    %%%%%:   27-block  5
        1:   27-block  6
    $$$$$:   27-block  7
    $$$$$:   27-block  8
    $$$$$:   27-block  9
    $$$$$:   27-block 10
    $$$$$:   27-block 11
    $$$$$:   27-block 12
        1:   28:}
------------------
_ZN37esPeriodicoTEST_toroidePeriodico_TestC1Ev:
        1:   21:TEST(esPeriodicoTEST, toroidePeriodico){
        1:   21-block  0
------------------
        -:   29:
        2:   30:TEST(esPeriodicoTEST, muereEnK){
        2:   31:    toroide t3 = tMuereEnKMenos1;
        -:   32:    int p3;
        -:   33:    bool res3;
        1:   34:    res3 = esPeriodico(t3, p3);
       1*:   35:    EXPECT_FALSE(res3);
       1*:   36:    EXPECT_EQ(p3, 0);
        1:   37:}
------------------
_ZN29esPeriodicoTEST_muereEnK_Test8TestBodyEv:
        1:   30:TEST(esPeriodicoTEST, muereEnK){
        2:   31:    toroide t3 = tMuereEnKMenos1;
        1:   31-block  0
    $$$$$:   31-block  1
        -:   32:    int p3;
        -:   33:    bool res3;
        1:   34:    res3 = esPeriodico(t3, p3);
        1:   34-block  0
       1*:   35:    EXPECT_FALSE(res3);
        1:   35-block  0
        1:   35-block  1
    %%%%%:   35-block  2
    %%%%%:   35-block  3
    %%%%%:   35-block  4
    %%%%%:   35-block  5
    %%%%%:   35-block  6
        1:   35-block  7
    $$$$$:   35-block  8
    $$$$$:   35-block  9
    $$$$$:   35-block 10
    $$$$$:   35-block 11
    $$$$$:   35-block 12
    $$$$$:   35-block 13
    $$$$$:   35-block 14
    $$$$$:   35-block 15
       1*:   36:    EXPECT_EQ(p3, 0);
        1:   36-block  0
    %%%%%:   36-block  1
    %%%%%:   36-block  2
    %%%%%:   36-block  3
    %%%%%:   36-block  4
    %%%%%:   36-block  5
        1:   36-block  6
    $$$$$:   36-block  7
    $$$$$:   36-block  8
    $$$$$:   36-block  9
    $$$$$:   36-block 10
    $$$$$:   36-block 11
    $$$$$:   36-block 12
        1:   37:}
------------------
_ZN29esPeriodicoTEST_muereEnK_TestC1Ev:
        1:   30:TEST(esPeriodicoTEST, muereEnK){
        1:   30-block  0
------------------
        -:   38:
        2:   39:TEST(esPeriodicoTEST, toroideMuerto){
        2:   40:    toroide t4 = tMuerto;
        -:   41:    int p4;
        -:   42:    bool res4;
        1:   43:    res4 = esPeriodico(t4, p4);
       1*:   44:    EXPECT_FALSE(res4);
       1*:   45:    EXPECT_EQ(p4, 0);
        1:   46:}
------------------
_ZN34esPeriodicoTEST_toroideMuerto_Test8TestBodyEv:
        1:   39:TEST(esPeriodicoTEST, toroideMuerto){
        2:   40:    toroide t4 = tMuerto;
        1:   40-block  0
    $$$$$:   40-block  1
        -:   41:    int p4;
        -:   42:    bool res4;
        1:   43:    res4 = esPeriodico(t4, p4);
        1:   43-block  0
       1*:   44:    EXPECT_FALSE(res4);
        1:   44-block  0
        1:   44-block  1
    %%%%%:   44-block  2
    %%%%%:   44-block  3
    %%%%%:   44-block  4
    %%%%%:   44-block  5
    %%%%%:   44-block  6
        1:   44-block  7
    $$$$$:   44-block  8
    $$$$$:   44-block  9
    $$$$$:   44-block 10
    $$$$$:   44-block 11
    $$$$$:   44-block 12
    $$$$$:   44-block 13
    $$$$$:   44-block 14
    $$$$$:   44-block 15
       1*:   45:    EXPECT_EQ(p4, 0);
        1:   45-block  0
    %%%%%:   45-block  1
    %%%%%:   45-block  2
    %%%%%:   45-block  3
    %%%%%:   45-block  4
    %%%%%:   45-block  5
        1:   45-block  6
    $$$$$:   45-block  7
    $$$$$:   45-block  8
    $$$$$:   45-block  9
    $$$$$:   45-block 10
    $$$$$:   45-block 11
    $$$$$:   45-block 12
        1:   46:}
------------------
_ZN34esPeriodicoTEST_toroideMuerto_TestC1Ev:
        1:   39:TEST(esPeriodicoTEST, toroideMuerto){
        1:   39-block  0
------------------
        -:   47:
        2:   48:TEST(esPeriodicoTEST, toroideVivo){
        2:   49:    toroide t5 = tVivo;
        -:   50:    int p5;
        -:   51:    bool res5;
        1:   52:    res5 = esPeriodico(t5, p5);
       1*:   53:    EXPECT_FALSE(res5);
       1*:   54:    EXPECT_EQ(p5, 0);
        1:   55:}
------------------
_ZN32esPeriodicoTEST_toroideVivo_Test8TestBodyEv:
        1:   48:TEST(esPeriodicoTEST, toroideVivo){
        2:   49:    toroide t5 = tVivo;
        1:   49-block  0
    $$$$$:   49-block  1
        -:   50:    int p5;
        -:   51:    bool res5;
        1:   52:    res5 = esPeriodico(t5, p5);
        1:   52-block  0
       1*:   53:    EXPECT_FALSE(res5);
        1:   53-block  0
        1:   53-block  1
    %%%%%:   53-block  2
    %%%%%:   53-block  3
    %%%%%:   53-block  4
    %%%%%:   53-block  5
    %%%%%:   53-block  6
        1:   53-block  7
    $$$$$:   53-block  8
    $$$$$:   53-block  9
    $$$$$:   53-block 10
    $$$$$:   53-block 11
    $$$$$:   53-block 12
    $$$$$:   53-block 13
    $$$$$:   53-block 14
    $$$$$:   53-block 15
       1*:   54:    EXPECT_EQ(p5, 0);
        1:   54-block  0
    %%%%%:   54-block  1
    %%%%%:   54-block  2
    %%%%%:   54-block  3
    %%%%%:   54-block  4
    %%%%%:   54-block  5
        1:   54-block  6
    $$$$$:   54-block  7
    $$$$$:   54-block  8
    $$$$$:   54-block  9
    $$$$$:   54-block 10
    $$$$$:   54-block 11
    $$$$$:   54-block 12
        1:   55:}
------------------
_ZN32esPeriodicoTEST_toroideVivo_TestC1Ev:
        1:   48:TEST(esPeriodicoTEST, toroideVivo){
        1:   48-block  0
------------------
        -:   56:
        2:   57:TEST(esPeriodicoTEST, constante){
        2:   58:    toroide t = naveEspacial;
        -:   59:    int p;
        1:   60:    bool res = esPeriodico(t, p);
       1*:   61:    EXPECT_TRUE(res);
        1:   62:}
------------------
_ZN30esPeriodicoTEST_constante_Test8TestBodyEv:
        1:   57:TEST(esPeriodicoTEST, constante){
        2:   58:    toroide t = naveEspacial;
        1:   58-block  0
    $$$$$:   58-block  1
        -:   59:    int p;
        1:   60:    bool res = esPeriodico(t, p);
        1:   60-block  0
       1*:   61:    EXPECT_TRUE(res);
        1:   61-block  0
        1:   61-block  1
    %%%%%:   61-block  2
    %%%%%:   61-block  3
    %%%%%:   61-block  4
    %%%%%:   61-block  5
    %%%%%:   61-block  6
        1:   61-block  7
    $$$$$:   61-block  8
    $$$$$:   61-block  9
    $$$$$:   61-block 10
    $$$$$:   61-block 11
    $$$$$:   61-block 12
    $$$$$:   61-block 13
    $$$$$:   61-block 14
        1:   62:}
------------------
_ZN30esPeriodicoTEST_constante_TestC1Ev:
        1:   57:TEST(esPeriodicoTEST, constante){
        1:   57-block  0
------------------
        -:   63:
        2:   64:TEST(esPeriodicoTEST, elKDeEspadas){
        2:   65:    toroide t = jorgitoTriple;
        -:   66:    int p;
        1:   67:    bool res = esPeriodico(t, p);
       1*:   68:    EXPECT_FALSE(res);
        1:   69:}
------------------
_ZN33esPeriodicoTEST_elKDeEspadas_Test8TestBodyEv:
        1:   64:TEST(esPeriodicoTEST, elKDeEspadas){
        2:   65:    toroide t = jorgitoTriple;
        1:   65-block  0
    $$$$$:   65-block  1
        -:   66:    int p;
        1:   67:    bool res = esPeriodico(t, p);
        1:   67-block  0
       1*:   68:    EXPECT_FALSE(res);
        1:   68-block  0
        1:   68-block  1
    %%%%%:   68-block  2
    %%%%%:   68-block  3
    %%%%%:   68-block  4
    %%%%%:   68-block  5
    %%%%%:   68-block  6
        1:   68-block  7
    $$$$$:   68-block  8
    $$$$$:   68-block  9
    $$$$$:   68-block 10
    $$$$$:   68-block 11
    $$$$$:   68-block 12
    $$$$$:   68-block 13
    $$$$$:   68-block 14
    $$$$$:   68-block 15
        1:   69:}
------------------
_ZN33esPeriodicoTEST_elKDeEspadas_TestC1Ev:
        1:   64:TEST(esPeriodicoTEST, elKDeEspadas){
        1:   64-block  0
------------------
